<?xml version="1.0" encoding="UTF-8"?>
<!-- Generated by org.testng.reporters.JUnitReportReporter -->
<testsuite hostname="DESKTOP-0SGOE2J" failures="0" tests="1" name="tests.NewTest" time="7.590" errors="0" timestamp="2019-12-25T16:49:24 IST" skipped="0">
  <testcase classname="tests.NewTest" name="f" time="7.590"/>
</testsuite> <!-- tests.NewTest -->
