<?xml version="1.0" encoding="UTF-8"?>
<!-- Generated by org.testng.reporters.JUnitReportReporter -->
<testsuite hostname="DESKTOP-0SGOE2J" failures="0" tests="1" name="tests.NewTest" time="14.478" errors="0" timestamp="2019-12-25T15:05:27 IST" skipped="0">
  <testcase classname="tests.NewTest" name="f" time="14.478"/>
</testsuite> <!-- tests.NewTest -->
