<?xml version="1.0" encoding="UTF-8"?>
<!-- Generated by org.testng.reporters.JUnitReportReporter -->
<testsuite hostname="DESKTOP-0SGOE2J" failures="0" tests="1" name="tests.NewTest" time="12.264" errors="0" timestamp="26 Dec 2019 05:13:21 GMT">
  <testcase classname="tests.NewTest" name="f" time="12.264"/>
</testsuite> <!-- tests.NewTest -->
